<?xml version="1.0" encoding="UTF-8"?>
<!-- Generated by org.testng.reporters.JUnitXMLReporter -->
<testsuite ignored="0" hostname="DESKTOP-MB1KITO" failures="0" tests="4" name="Default test" time="43.247" errors="0" timestamp="14 Mar 2019 17:37:29 GMT">
  <testcase classname="com.TestCases.LoginPageTest" name="TestLogo" time="4.048"/>
  <testcase classname="com.TestCases.LoginPageTest" name="TestTitle" time="5.006"/>
  <testcase classname="com.TestCases.LoginPageTest" name="TestLogin" time="7.483"/>
  <testcase classname="com.TestCases.LoginPageTest" name="TestErrorMessage" time="6.61"/>
</testsuite> <!-- Default test -->
