<?xml version="1.0" encoding="UTF-8"?>
<!-- Generated by org.testng.reporters.JUnitXMLReporter -->
<testsuite ignored="0" hostname="DESKTOP-MB1KITO" failures="0" tests="4" name="Test" time="41.825" errors="0" timestamp="06 Mar 2019 05:19:52 GMT">
  <testcase classname="com.TestCases.LoginPageTest" name="TestLogo" time="4.096"/>
  <testcase classname="com.TestCases.LoginPageTest" name="TestTitle" time="5.023"/>
  <testcase classname="com.TestCases.LoginPageTest" name="TestLogin" time="7.497"/>
  <testcase classname="com.TestCases.LoginPageTest" name="TestErrorMessage" time="6.714"/>
</testsuite> <!-- Test -->
