<?xml version="1.0" encoding="UTF-8"?>
<!-- Generated by org.testng.reporters.JUnitXMLReporter -->
<testsuite hostname="DESKTOP-MB1KITO" ignored="0" name="Techfios Test" tests="4" failures="0" timestamp="03 Apr 2019 02:57:28 GMT" time="111.948" errors="0">
  <testcase name="TestLogo" time="4.096" classname="com.TestCases.LoginPageTest"/>
  <testcase name="TestTitle" time="5.009" classname="com.TestCases.LoginPageTest"/>
  <testcase name="TestLogin" time="16.651" classname="com.TestCases.LoginPageTest"/>
  <testcase name="TestErrorMessage" time="7.117" classname="com.TestCases.LoginPageTest"/>
</testsuite> <!-- Techfios Test -->
