<?xml version="1.0" encoding="UTF-8"?>
<testng-results skipped="0" failed="0" ignored="0" total="4" passed="4">
  <reporter-output>
  </reporter-output>
  <suite name="Regression" duration-ms="111948" started-at="2019-04-03T02:55:36Z" finished-at="2019-04-03T02:57:28Z">
    <groups>
    </groups>
    <test name="Techfios Test" duration-ms="111948" started-at="2019-04-03T02:55:36Z" finished-at="2019-04-03T02:57:28Z">
      <class name="com.TestCases.LoginPageTest">
        <test-method status="PASS" signature="SetUp()[pri:0, instance:com.TestCases.LoginPageTest@53b32d7]" name="SetUp" is-config="true" duration-ms="18161" started-at="2019-04-03T02:55:36Z" finished-at="2019-04-03T02:55:54Z">
          <reporter-output>
          </reporter-output>
        </test-method> <!-- SetUp -->
        <test-method status="PASS" signature="TestLogo()[pri:0, instance:com.TestCases.LoginPageTest@53b32d7]" name="TestLogo" duration-ms="4096" started-at="2019-04-03T02:55:54Z" finished-at="2019-04-03T02:55:58Z">
          <reporter-output>
          </reporter-output>
        </test-method> <!-- TestLogo -->
        <test-method status="PASS" signature="Teardown()[pri:0, instance:com.TestCases.LoginPageTest@53b32d7]" name="Teardown" is-config="true" duration-ms="6800" started-at="2019-04-03T02:55:58Z" finished-at="2019-04-03T02:56:05Z">
          <reporter-output>
          </reporter-output>
        </test-method> <!-- Teardown -->
        <test-method status="PASS" signature="SetUp()[pri:0, instance:com.TestCases.LoginPageTest@53b32d7]" name="SetUp" is-config="true" duration-ms="8700" started-at="2019-04-03T02:56:05Z" finished-at="2019-04-03T02:56:14Z">
          <reporter-output>
          </reporter-output>
        </test-method> <!-- SetUp -->
        <test-method status="PASS" signature="TestTitle()[pri:1, instance:com.TestCases.LoginPageTest@53b32d7]" name="TestTitle" duration-ms="5009" started-at="2019-04-03T02:56:14Z" finished-at="2019-04-03T02:56:19Z">
          <reporter-output>
          </reporter-output>
        </test-method> <!-- TestTitle -->
        <test-method status="PASS" signature="Teardown()[pri:0, instance:com.TestCases.LoginPageTest@53b32d7]" name="Teardown" is-config="true" duration-ms="2119" started-at="2019-04-03T02:56:19Z" finished-at="2019-04-03T02:56:21Z">
          <reporter-output>
          </reporter-output>
        </test-method> <!-- Teardown -->
        <test-method status="PASS" signature="SetUp()[pri:0, instance:com.TestCases.LoginPageTest@53b32d7]" name="SetUp" is-config="true" duration-ms="7121" started-at="2019-04-03T02:56:21Z" finished-at="2019-04-03T02:56:28Z">
          <reporter-output>
          </reporter-output>
        </test-method> <!-- SetUp -->
        <test-method status="PASS" signature="TestLogin()[pri:2, instance:com.TestCases.LoginPageTest@53b32d7]" name="TestLogin" duration-ms="16651" started-at="2019-04-03T02:56:28Z" finished-at="2019-04-03T02:56:44Z">
          <reporter-output>
          </reporter-output>
        </test-method> <!-- TestLogin -->
        <test-method status="PASS" signature="Teardown()[pri:0, instance:com.TestCases.LoginPageTest@53b32d7]" name="Teardown" is-config="true" duration-ms="7470" started-at="2019-04-03T02:56:44Z" finished-at="2019-04-03T02:56:52Z">
          <reporter-output>
          </reporter-output>
        </test-method> <!-- Teardown -->
        <test-method status="PASS" signature="SetUp()[pri:0, instance:com.TestCases.LoginPageTest@53b32d7]" name="SetUp" is-config="true" duration-ms="6875" started-at="2019-04-03T02:56:52Z" finished-at="2019-04-03T02:56:59Z">
          <reporter-output>
          </reporter-output>
        </test-method> <!-- SetUp -->
        <test-method status="PASS" signature="TestErrorMessage()[pri:4, instance:com.TestCases.LoginPageTest@53b32d7]" name="TestErrorMessage" duration-ms="7117" started-at="2019-04-03T02:56:59Z" finished-at="2019-04-03T02:57:06Z">
          <reporter-output>
          </reporter-output>
        </test-method> <!-- TestErrorMessage -->
        <test-method status="PASS" signature="Teardown()[pri:0, instance:com.TestCases.LoginPageTest@53b32d7]" name="Teardown" is-config="true" duration-ms="21768" started-at="2019-04-03T02:57:06Z" finished-at="2019-04-03T02:57:28Z">
          <reporter-output>
          </reporter-output>
        </test-method> <!-- Teardown -->
      </class> <!-- com.TestCases.LoginPageTest -->
    </test> <!-- Techfios Test -->
  </suite> <!-- Regression -->
</testng-results>
