<?xml version="1.0" encoding="UTF-8"?>
<testng-results ignored="0" total="4" passed="4" failed="0" skipped="0">
  <reporter-output>
  </reporter-output>
  <suite started-at="2019-03-14T17:36:46Z" name="Default suite" finished-at="2019-03-14T17:37:29Z" duration-ms="43247">
    <groups>
    </groups>
    <test started-at="2019-03-14T17:36:46Z" name="Default test" finished-at="2019-03-14T17:37:29Z" duration-ms="43247">
      <class name="com.TestCases.LoginPageTest">
        <test-method is-config="true" signature="SetUp()[pri:0, instance:com.TestCases.LoginPageTest@6a2f6f80]" started-at="2019-03-14T17:36:46Z" name="SetUp" finished-at="2019-03-14T17:36:50Z" duration-ms="4702" status="PASS">
          <reporter-output>
          </reporter-output>
        </test-method> <!-- SetUp -->
        <test-method signature="TestLogo()[pri:0, instance:com.TestCases.LoginPageTest@6a2f6f80]" started-at="2019-03-14T17:36:50Z" name="TestLogo" finished-at="2019-03-14T17:36:54Z" duration-ms="4048" status="PASS">
          <reporter-output>
          </reporter-output>
        </test-method> <!-- TestLogo -->
        <test-method is-config="true" signature="Teardown()[pri:0, instance:com.TestCases.LoginPageTest@6a2f6f80]" started-at="2019-03-14T17:36:54Z" name="Teardown" finished-at="2019-03-14T17:36:56Z" duration-ms="1118" status="PASS">
          <reporter-output>
          </reporter-output>
        </test-method> <!-- Teardown -->
        <test-method is-config="true" signature="SetUp()[pri:0, instance:com.TestCases.LoginPageTest@6a2f6f80]" started-at="2019-03-14T17:36:56Z" name="SetUp" finished-at="2019-03-14T17:36:59Z" duration-ms="3749" status="PASS">
          <reporter-output>
          </reporter-output>
        </test-method> <!-- SetUp -->
        <test-method signature="TestTitle()[pri:1, instance:com.TestCases.LoginPageTest@6a2f6f80]" started-at="2019-03-14T17:36:59Z" name="TestTitle" finished-at="2019-03-14T17:37:04Z" duration-ms="5006" status="PASS">
          <reporter-output>
          </reporter-output>
        </test-method> <!-- TestTitle -->
        <test-method is-config="true" signature="Teardown()[pri:0, instance:com.TestCases.LoginPageTest@6a2f6f80]" started-at="2019-03-14T17:37:04Z" name="Teardown" finished-at="2019-03-14T17:37:05Z" duration-ms="1146" status="PASS">
          <reporter-output>
          </reporter-output>
        </test-method> <!-- Teardown -->
        <test-method is-config="true" signature="SetUp()[pri:0, instance:com.TestCases.LoginPageTest@6a2f6f80]" started-at="2019-03-14T17:37:05Z" name="SetUp" finished-at="2019-03-14T17:37:09Z" duration-ms="3640" status="PASS">
          <reporter-output>
          </reporter-output>
        </test-method> <!-- SetUp -->
        <test-method signature="TestLogin()[pri:2, instance:com.TestCases.LoginPageTest@6a2f6f80]" started-at="2019-03-14T17:37:09Z" name="TestLogin" finished-at="2019-03-14T17:37:17Z" duration-ms="7483" status="PASS">
          <reporter-output>
          </reporter-output>
        </test-method> <!-- TestLogin -->
        <test-method is-config="true" signature="Teardown()[pri:0, instance:com.TestCases.LoginPageTest@6a2f6f80]" started-at="2019-03-14T17:37:17Z" name="Teardown" finished-at="2019-03-14T17:37:17Z" duration-ms="700" status="PASS">
          <reporter-output>
          </reporter-output>
        </test-method> <!-- Teardown -->
        <test-method is-config="true" signature="SetUp()[pri:0, instance:com.TestCases.LoginPageTest@6a2f6f80]" started-at="2019-03-14T17:37:17Z" name="SetUp" finished-at="2019-03-14T17:37:21Z" duration-ms="4204" status="PASS">
          <reporter-output>
          </reporter-output>
        </test-method> <!-- SetUp -->
        <test-method signature="TestErrorMessage()[pri:4, instance:com.TestCases.LoginPageTest@6a2f6f80]" started-at="2019-03-14T17:37:21Z" name="TestErrorMessage" finished-at="2019-03-14T17:37:28Z" duration-ms="6610" status="PASS">
          <reporter-output>
          </reporter-output>
        </test-method> <!-- TestErrorMessage -->
        <test-method is-config="true" signature="Teardown()[pri:0, instance:com.TestCases.LoginPageTest@6a2f6f80]" started-at="2019-03-14T17:37:28Z" name="Teardown" finished-at="2019-03-14T17:37:29Z" duration-ms="799" status="PASS">
          <reporter-output>
          </reporter-output>
        </test-method> <!-- Teardown -->
      </class> <!-- com.TestCases.LoginPageTest -->
    </test> <!-- Default test -->
  </suite> <!-- Default suite -->
</testng-results>
